<?xml version="1.0" encoding="UTF-8"?>
<!-- Generated by org.testng.reporters.JUnitReportReporter -->
<testsuite hostname="DESKTOP-CQ5J57P" failures="0" tests="5" name="Sprint1.Day1" time="7.370" errors="0" timestamp="2020-11-19T19:00:59 EST" skipped="0">
  <testcase classname="Sprint1.Day1" name="verifyHomepageTitle" time="1.878"/>
  <system-out/>
  <testcase classname="Sprint1.Day1" name="getUrl" time="2.680"/>
  <system-out/>
  <testcase classname="Sprint1.Day1" name="verifySigninPage" time="2.780"/>
  <system-out/>
  <testcase classname="Sprint1.Day1" name="verifySignupForm" time="0.017"/>
  <system-out/>
  <testcase classname="Sprint1.Day1" name="verifyAuthentificForm" time="0.015"/>
  <system-out/>
</testsuite> <!-- Sprint1.Day1 -->
